2023-12-07 21:11:52.227 [main] org.example.back.JsonProcessing:46 INFO  org.example.back.JsonProcessing - All data from src/main/data\users.json was saved to userList
2023-12-07 21:11:52.230 [main] org.example.back.JsonProcessing:60 INFO  org.example.back.JsonProcessing - All data from src/main/data\banks.json was read to bankList
2023-12-07 21:11:52.231 [main] org.example.back.Login:28 INFO  org.example.back.Login - Logging, please provide username and password: 
2023-12-07 21:11:52.232 [main] org.example.back.Login:31 INFO  org.example.back.Login - Enter username
2023-12-07 21:11:59.330 [main] org.example.back.Login:35 INFO  org.example.back.Login - Enter password
2023-12-07 21:12:01.344 [main] org.example.back.Hashing:28 INFO  org.example.back.Hashing - Executing SHA256 hashing.
2023-12-07 21:12:01.345 [main] org.example.back.Hashing:22 INFO  org.example.back.Hashing - Combining password and salt.
2023-12-07 21:12:01.370 [main] org.example.back.Hashing:42 INFO  org.example.back.Hashing - Hashing result: xAMImfY7toQGMj9Y2Ke82Rg48ViT7hKxys7OzA3OQI4=
2023-12-07 21:12:01.370 [main] org.example.back.Hashing:28 INFO  org.example.back.Hashing - Executing SHA256 hashing.
2023-12-07 21:12:01.371 [main] org.example.back.Hashing:22 INFO  org.example.back.Hashing - Combining password and salt.
2023-12-07 21:12:01.371 [main] org.example.back.Hashing:42 INFO  org.example.back.Hashing - Hashing result: DR860c52WqMIGDWF2p2Xmtjb16QDi5+Nv2kl9swpN/k=
2023-12-07 21:12:01.371 [main] org.example.back.Hashing:28 INFO  org.example.back.Hashing - Executing SHA256 hashing.
2023-12-07 21:12:01.371 [main] org.example.back.Hashing:22 INFO  org.example.back.Hashing - Combining password and salt.
2023-12-07 21:12:01.371 [main] org.example.back.Hashing:42 INFO  org.example.back.Hashing - Hashing result: DR860c52WqMIGDWF2p2Xmtjb16QDi5+Nv2kl9swpN/k=
2023-12-07 21:12:01.372 [main] org.example.back.JsonProcessing:105 INFO  org.example.back.JsonProcessing - User Bohdan logged in successfully
2023-12-07 21:12:01.372 [main] org.example.back.Login:45 INFO  org.example.back.Login - User Bohdan successfully logged in
2023-12-07 21:12:01.372 [main] org.example.Main:23 INFO  org.example.Main - Initializing menu...
2023-12-07 21:12:01.372 [main] org.example.back.Menu:33 INFO  org.example.back.Menu - Enter your command (see /help): 
2023-12-07 21:12:04.304 [main] org.example.back.Menu:46 INFO  org.example.back.Menu - /exit -- stop program execution
2023-12-07 21:12:04.304 [main] org.example.back.Menu:33 INFO  org.example.back.Menu - Enter your command (see /help): 
2023-12-07 21:33:11.357 [main] org.example.back.Hashing:41 INFO  org.example.back.Hashing - Hashing result: 2tEsTk52GOJlvk/HyWP1lNU9jpA/2sYwCMM5xjK0KXs=
2023-12-07 22:26:51.348 [main] org.example.back.Hashing:63 INFO  org.example.back.Hashing - To hash: HelloCodersThisIsSalt -- Hashing result: REFEMTJDNEU0RTc2MThFMjY1QkU0RkM3Qzk2M0Y1OTRENTNEOEU5MDNGREFDNjMwMDhDMzM5QzYzMkI0Mjk3Qg==
2023-12-07 22:27:12.709 [main] org.example.back.Hashing:63 INFO  org.example.back.Hashing - To hash: HelloCodersThisIsSalt -- Hashing result: REFEMTJDNEU0RTc2MThFMjY1QkU0RkM3Qzk2M0Y1OTRENTNEOEU5MDNGREFDNjMwMDhDMzM5QzYzMkI0Mjk3Qg==
2023-12-07 22:36:17.669 [main] org.example.back.DateToString:15 INFO  org.example.back.DateToString - Date to string: invalid-date -- 3
2023-12-07 22:36:17.674 [main] org.example.back.DateToString:26 ERROR org.example.back.DateToString - Error converting date: Text 'invalid-date' could not be parsed at index 0
2023-12-07 22:36:19.574 [main] org.example.back.DateToString:15 INFO  org.example.back.DateToString - Date to string: 2022-01-15 -- 3
2023-12-07 22:36:19.574 [main] org.example.back.DateToString:22 INFO  org.example.back.DateToString - DateConvertion result: 2022-04-15
